<?xml version="1.0" encoding="utf-8"?><testsuites name="pytest tests"><testsuite name="pytest" errors="0" failures="0" skipped="0" tests="21" time="5.039" timestamp="2026-03-02T15:14:35.857931+00:00" hostname="agent-env-bb4eca40-fe5f-421b-8d79-f851eb77e961"><testcase classname="backend.tests.test_pashuvaani_api.TestHealthCheck" name="test_api_root" time="0.156" /><testcase classname="backend.tests.test_pashuvaani_api.TestDoctorsAPI" name="test_get_doctors_returns_list" time="0.131" /><testcase classname="backend.tests.test_pashuvaani_api.TestDoctorsAPI" name="test_doctors_have_required_fields" time="0.119" /><testcase classname="backend.tests.test_pashuvaani_api.TestDoctorsAPI" name="test_doctors_names" time="0.128" /><testcase classname="backend.tests.test_pashuvaani_api.TestBlogsAPI" name="test_get_blogs_returns_list" time="0.130" /><testcase classname="backend.tests.test_pashuvaani_api.TestBlogsAPI" name="test_blogs_have_required_fields" time="0.121" /><testcase classname="backend.tests.test_pashuvaani_api.TestBlogsAPI" name="test_get_single_blog" time="0.255" /><testcase classname="backend.tests.test_pashuvaani_api.TestBlogsAPI" name="test_get_nonexistent_blog_returns_404" time="0.151" /><testcase classname="backend.tests.test_pashuvaani_api.TestAppointmentsAPI" name="test_create_appointment_success" time="0.181" /><testcase classname="backend.tests.test_pashuvaani_api.TestAppointmentsAPI" name="test_create_appointment_with_lbs_weight" time="0.124" /><testcase classname="backend.tests.test_pashuvaani_api.TestAuthAPI" name="test_register_new_user" time="0.385" /><testcase classname="backend.tests.test_pashuvaani_api.TestAuthAPI" name="test_register_duplicate_user_fails" time="0.446" /><testcase classname="backend.tests.test_pashuvaani_api.TestAuthAPI" name="test_login_success" time="0.661" /><testcase classname="backend.tests.test_pashuvaani_api.TestAuthAPI" name="test_login_invalid_credentials" time="0.115" /><testcase classname="backend.tests.test_pashuvaani_api.TestAdminAPI" name="test_admin_init" time="0.111" /><testcase classname="backend.tests.test_pashuvaani_api.TestAdminAPI" name="test_admin_login_success" time="0.462" /><testcase classname="backend.tests.test_pashuvaani_api.TestAdminAPI" name="test_admin_login_invalid_credentials" time="0.355" /><testcase classname="backend.tests.test_pashuvaani_api.TestAdminAPI" name="test_admin_dashboard_requires_auth" time="0.105" /><testcase classname="backend.tests.test_pashuvaani_api.TestAdminAPI" name="test_admin_dashboard_with_auth" time="0.584" /><testcase classname="backend.tests.test_pashuvaani_api.TestContactAPI" name="test_submit_contact_form" time="0.141" /><testcase classname="backend.tests.test_pashuvaani_api.TestSeedAPI" name="test_seed_blogs" time="0.105" /></testsuite></testsuites>